<?xml version="1.0" encoding="UTF-8"?>
<!-- Generated by org.testng.reporters.JUnitReportReporter -->
<testsuite hostname="DESKTOP-8H92SMU" failures="0" tests="1" name="fb_test.Fb_testtt" time="11.091" errors="0" timestamp="2024-08-25T22:47:50 GMT-07:00" skipped="0">
  <testcase classname="fb_test.Fb_testtt" name="f" time="11.091"/>
  <system-out/>
</testsuite> <!-- fb_test.Fb_testtt -->
